[2026-01-04 13:05:19] production.DEBUG: MarketingCenter:input===>array (
  'data' => 
  array (
    0 => 
    array (
      'store_bn' => 'enGoSM01',
      'store_name' => '智管家智慧工程',
      'contract_phone' => '0903758210',
      'lng' => '121.54314',
      'lat' => '25.04742',
      'is_deleted' => '0',
      'address' => '台灣省台北市中山區八德路二段325號三樓',
    ),
  ),
  'timestamp' => '2026-01-04 13:05:19',
  'app_key' => '05bf20a9e5f90108',
  'version' => '1.0',
  'method' => 'basics.store.proccess',
  'sign' => '7A1A47F0CA7E4EF1F5F9CC5AABAB5399',
)  
[2026-01-04 13:05:20] production.DEBUG: MarketingCenter:result===>{"status":"fail","code":40405,"message":"app_key 不正确","data":null}  
[2026-01-04 13:05:20] production.DEBUG: DistributorCreateEvent_event:DistributionBundle\Events\DistributorCreateEvent::__set_state(array(
   'entities' => 
  array (
    'distributor_id' => '7',
    'shop_id' => 0,
    'is_distributor' => true,
    'company_id' => '1',
    'mobile' => '0903758210',
    'address' => '八德路二段325號三樓',
    'name' => '智管家智慧工程',
    'auto_sync_goods' => false,
    'logo' => 'https://shopx-bucket.s3.ap-northeast-1.amazonaws.com/1756864448513.sensorl.png',
    'contract_phone' => '',
    'banner' => 'https://shopx-bucket.s3.ap-northeast-1.amazonaws.com/1756787853745.S__93143062.jpg',
    'contact' => '詹竣亦',
    'is_valid' => 'true',
    'lng' => '121.54314',
    'lat' => '25.04742',
    'child_count' => 0,
    'is_default' => 0,
    'is_audit_goods' => true,
    'is_ziti' => false,
    'regions_id' => 
    array (
      0 => '710000',
      1 => '710100',
      2 => '710103',
    ),
    'regions' => 
    array (
      0 => '台灣省',
      1 => '台北市',
      2 => '中山區',
    ),
    'is_domestic' => 1,
    'is_direct_store' => 1,
    'province' => '台灣省',
    'is_delivery' => true,
    'city' => '台北市',
    'area' => '中山區',
    'hour' => '09:00-18:00',
    'created' => 1767503119,
    'updated' => 1767503119,
    'shop_code' => 'enGoSM01',
    'wechat_work_department_id' => 0,
    'distributor_self' => '0',
    'regionauth_id' => 0,
    'is_open' => 'false',
    'rate' => NULL,
    'is_dada' => 0,
    'business' => '',
    'dada_shop_create' => 0,
    'review_status' => 0,
    'dealer_id' => 0,
    'split_ledger_info' => NULL,
    'introduce' => '',
    'merchant_id' => 0,
    'distribution_type' => '0',
    'is_require_subdistrict' => false,
    'is_require_building' => true,
    'delivery_distance' => 0,
    'offline_aftersales' => false,
    'offline_aftersales_self' => false,
    'offline_aftersales_distributor_id' => NULL,
    'offline_aftersales_other' => false,
  ),
))  
[2026-01-04 13:05:20] production.DEBUG: companyId:1,distributorId:7,msg:未开启OME开放数据接口  
