[2026-03-13 11:18:26] production.DEBUG: thirdapp：array (
  'email' => 'demo23554495@gmail.com',
  'mobile' => 'null',
  'memberId' => '83',
  'timestamp' => '1773371903473',
  'appCode' => 'engo',
  'sign' => '986BDEFF929758596EA6F0B7B33820B6',
)  
[2026-03-13 11:18:26] production.DEBUG: thirdapp-1：array (
  'user_id' => '163',
  'company_id' => '1',
  'grade_id' => '1',
  'mobile' => 'null',
  'email' => 'demo23554495@gmail.com',
  'region_mobile' => '',
  'mobile_country_code' => '',
  'user_card_code' => '5804D02A038A',
  'offline_card_code' => NULL,
  'inviter_id' => '0',
  'app_member_id' => '83',
  'source_from' => 'openapi',
  'source_id' => '0',
  'monitor_id' => '0',
  'latest_source_id' => '0',
  'latest_monitor_id' => '0',
  'authorizer_appid' => '',
  'use_point' => false,
  'wxa_appid' => '',
  'alipay_appid' => '',
  'created' => 1746783421,
  'updated' => 1746783421,
  'disabled' => false,
  'remarks' => NULL,
  'third_data' => NULL,
)  
[2026-03-13 11:18:26] production.DEBUG: request_url=>https://tinside.smtengo.com/v1/api/member/info/83  
[2026-03-13 11:18:26] production.DEBUG: header_param=> {"Content-Type":"application/json;charset=utf-8","Accept":"application/json","appKey":"aLjyMhsaMmKsChOEOFccqjTHFUMXzJSw","appSecret":"fzyCEryeGSalydJakjRDduHGIOwRcAqvImOnZZUKXPbFbXCIMGeLLuCVErsxkIhL"} 
[2026-03-13 11:18:26] production.DEBUG: thirdapp：array (
  'email' => 'demo23554495@gmail.com',
  'mobile' => 'null',
  'memberId' => '83',
  'timestamp' => '1773371903473',
  'appCode' => 'engo',
  'sign' => '986BDEFF929758596EA6F0B7B33820B6',
)  
[2026-03-13 11:18:26] production.DEBUG: thirdapp-1：array (
  'user_id' => '163',
  'company_id' => '1',
  'grade_id' => '1',
  'mobile' => 'null',
  'email' => 'demo23554495@gmail.com',
  'region_mobile' => '',
  'mobile_country_code' => '',
  'user_card_code' => '5804D02A038A',
  'offline_card_code' => NULL,
  'inviter_id' => '0',
  'app_member_id' => '83',
  'source_from' => 'openapi',
  'source_id' => '0',
  'monitor_id' => '0',
  'latest_source_id' => '0',
  'latest_monitor_id' => '0',
  'authorizer_appid' => '',
  'use_point' => false,
  'wxa_appid' => '',
  'alipay_appid' => '',
  'created' => 1746783421,
  'updated' => 1746783421,
  'disabled' => false,
  'remarks' => NULL,
  'third_data' => NULL,
)  
[2026-03-13 11:18:26] production.DEBUG: request_url=>https://tinside.smtengo.com/v1/api/member/info/83  
[2026-03-13 11:18:26] production.DEBUG: header_param=> {"Content-Type":"application/json;charset=utf-8","Accept":"application/json","appKey":"aLjyMhsaMmKsChOEOFccqjTHFUMXzJSw","appSecret":"fzyCEryeGSalydJakjRDduHGIOwRcAqvImOnZZUKXPbFbXCIMGeLLuCVErsxkIhL"} 
[2026-03-13 11:18:26] production.DEBUG: response=>--{"timestamp":1773371906618,"code":0,"status":200,"message":null,"model":null}  
[2026-03-13 11:18:26] production.DEBUG: response=>--{"timestamp":1773371906618,"code":0,"status":200,"message":null,"model":null}  
[2026-03-13 11:18:26] production.DEBUG: 自动更新用户信息错误Trying to access array offset on value of type null167  
[2026-03-13 11:18:26] production.DEBUG: 自动更新用户信息错误Trying to access array offset on value of type null167  
[2026-03-13 11:18:27] production.DEBUG: thirdapp：array (
  'email' => 'demo23554495@gmail.com',
  'mobile' => 'null',
  'memberId' => '83',
  'timestamp' => '1773371903473',
  'appCode' => 'engo',
  'sign' => '986BDEFF929758596EA6F0B7B33820B6',
)  
[2026-03-13 11:18:27] production.DEBUG: thirdapp：array (
  'email' => 'demo23554495@gmail.com',
  'mobile' => 'null',
  'memberId' => '83',
  'timestamp' => '1773371903473',
  'appCode' => 'engo',
  'sign' => '986BDEFF929758596EA6F0B7B33820B6',
)  
[2026-03-13 11:18:27] production.DEBUG: thirdapp-1：array (
  'user_id' => '163',
  'company_id' => '1',
  'grade_id' => '1',
  'mobile' => 'null',
  'email' => 'demo23554495@gmail.com',
  'region_mobile' => '',
  'mobile_country_code' => '',
  'user_card_code' => '5804D02A038A',
  'offline_card_code' => NULL,
  'inviter_id' => '0',
  'app_member_id' => '83',
  'source_from' => 'openapi',
  'source_id' => '0',
  'monitor_id' => '0',
  'latest_source_id' => '0',
  'latest_monitor_id' => '0',
  'authorizer_appid' => '',
  'use_point' => false,
  'wxa_appid' => '',
  'alipay_appid' => '',
  'created' => 1746783421,
  'updated' => 1746783421,
  'disabled' => false,
  'remarks' => NULL,
  'third_data' => NULL,
)  
[2026-03-13 11:18:27] production.DEBUG: request_url=>https://tinside.smtengo.com/v1/api/member/info/83  
[2026-03-13 11:18:27] production.DEBUG: header_param=> {"Content-Type":"application/json;charset=utf-8","Accept":"application/json","appKey":"aLjyMhsaMmKsChOEOFccqjTHFUMXzJSw","appSecret":"fzyCEryeGSalydJakjRDduHGIOwRcAqvImOnZZUKXPbFbXCIMGeLLuCVErsxkIhL"} 
[2026-03-13 11:18:27] production.DEBUG: thirdapp-1：array (
  'user_id' => '163',
  'company_id' => '1',
  'grade_id' => '1',
  'mobile' => 'null',
  'email' => 'demo23554495@gmail.com',
  'region_mobile' => '',
  'mobile_country_code' => '',
  'user_card_code' => '5804D02A038A',
  'offline_card_code' => NULL,
  'inviter_id' => '0',
  'app_member_id' => '83',
  'source_from' => 'openapi',
  'source_id' => '0',
  'monitor_id' => '0',
  'latest_source_id' => '0',
  'latest_monitor_id' => '0',
  'authorizer_appid' => '',
  'use_point' => false,
  'wxa_appid' => '',
  'alipay_appid' => '',
  'created' => 1746783421,
  'updated' => 1746783421,
  'disabled' => false,
  'remarks' => NULL,
  'third_data' => NULL,
)  
[2026-03-13 11:18:27] production.DEBUG: request_url=>https://tinside.smtengo.com/v1/api/member/info/83  
[2026-03-13 11:18:27] production.DEBUG: header_param=> {"Content-Type":"application/json;charset=utf-8","Accept":"application/json","appKey":"aLjyMhsaMmKsChOEOFccqjTHFUMXzJSw","appSecret":"fzyCEryeGSalydJakjRDduHGIOwRcAqvImOnZZUKXPbFbXCIMGeLLuCVErsxkIhL"} 
[2026-03-13 11:18:27] production.DEBUG: response=>--{"timestamp":1773371907185,"code":0,"status":200,"message":null,"model":null}  
[2026-03-13 11:18:27] production.DEBUG: 自动更新用户信息错误Trying to access array offset on value of type null167  
[2026-03-13 11:18:27] production.DEBUG: response=>--{"timestamp":1773371907209,"code":0,"status":200,"message":null,"model":null}  
[2026-03-13 11:18:27] production.DEBUG: 自动更新用户信息错误Trying to access array offset on value of type null167  
[2026-03-13 11:18:27] production.DEBUG: thirdapp：array (
  'email' => 'demo23554495@gmail.com',
  'mobile' => 'null',
  'memberId' => '83',
  'timestamp' => '1773371903473',
  'appCode' => 'engo',
  'sign' => '986BDEFF929758596EA6F0B7B33820B6',
)  
[2026-03-13 11:18:27] production.DEBUG: thirdapp-1：array (
  'user_id' => '163',
  'company_id' => '1',
  'grade_id' => '1',
  'mobile' => 'null',
  'email' => 'demo23554495@gmail.com',
  'region_mobile' => '',
  'mobile_country_code' => '',
  'user_card_code' => '5804D02A038A',
  'offline_card_code' => NULL,
  'inviter_id' => '0',
  'app_member_id' => '83',
  'source_from' => 'openapi',
  'source_id' => '0',
  'monitor_id' => '0',
  'latest_source_id' => '0',
  'latest_monitor_id' => '0',
  'authorizer_appid' => '',
  'use_point' => false,
  'wxa_appid' => '',
  'alipay_appid' => '',
  'created' => 1746783421,
  'updated' => 1746783421,
  'disabled' => false,
  'remarks' => NULL,
  'third_data' => NULL,
)  
[2026-03-13 11:18:27] production.DEBUG: request_url=>https://tinside.smtengo.com/v1/api/member/info/83  
[2026-03-13 11:18:27] production.DEBUG: header_param=> {"Content-Type":"application/json;charset=utf-8","Accept":"application/json","appKey":"aLjyMhsaMmKsChOEOFccqjTHFUMXzJSw","appSecret":"fzyCEryeGSalydJakjRDduHGIOwRcAqvImOnZZUKXPbFbXCIMGeLLuCVErsxkIhL"} 
[2026-03-13 11:18:27] production.DEBUG: thirdapp：array (
  'email' => 'demo23554495@gmail.com',
  'mobile' => 'null',
  'memberId' => '83',
  'timestamp' => '1773371903473',
  'appCode' => 'engo',
  'sign' => '986BDEFF929758596EA6F0B7B33820B6',
)  
[2026-03-13 11:18:27] production.DEBUG: thirdapp-1：array (
  'user_id' => '163',
  'company_id' => '1',
  'grade_id' => '1',
  'mobile' => 'null',
  'email' => 'demo23554495@gmail.com',
  'region_mobile' => '',
  'mobile_country_code' => '',
  'user_card_code' => '5804D02A038A',
  'offline_card_code' => NULL,
  'inviter_id' => '0',
  'app_member_id' => '83',
  'source_from' => 'openapi',
  'source_id' => '0',
  'monitor_id' => '0',
  'latest_source_id' => '0',
  'latest_monitor_id' => '0',
  'authorizer_appid' => '',
  'use_point' => false,
  'wxa_appid' => '',
  'alipay_appid' => '',
  'created' => 1746783421,
  'updated' => 1746783421,
  'disabled' => false,
  'remarks' => NULL,
  'third_data' => NULL,
)  
[2026-03-13 11:18:27] production.DEBUG: request_url=>https://tinside.smtengo.com/v1/api/member/info/83  
[2026-03-13 11:18:27] production.DEBUG: header_param=> {"Content-Type":"application/json;charset=utf-8","Accept":"application/json","appKey":"aLjyMhsaMmKsChOEOFccqjTHFUMXzJSw","appSecret":"fzyCEryeGSalydJakjRDduHGIOwRcAqvImOnZZUKXPbFbXCIMGeLLuCVErsxkIhL"} 
[2026-03-13 11:18:27] production.DEBUG: response=>--{"timestamp":1773371907342,"code":0,"status":200,"message":null,"model":null}  
[2026-03-13 11:18:27] production.DEBUG: response=>--{"timestamp":1773371907342,"code":0,"status":200,"message":null,"model":null}  
[2026-03-13 11:18:27] production.DEBUG: 自动更新用户信息错误Trying to access array offset on value of type null167  
[2026-03-13 11:18:27] production.DEBUG: 自动更新用户信息错误Trying to access array offset on value of type null167  
[2026-03-13 11:18:27] production.DEBUG: thirdapp：array (
  'email' => 'demo23554495@gmail.com',
  'mobile' => 'null',
  'memberId' => '83',
  'timestamp' => '1773371903473',
  'appCode' => 'engo',
  'sign' => '986BDEFF929758596EA6F0B7B33820B6',
)  
[2026-03-13 11:18:27] production.DEBUG: thirdapp-1：array (
  'user_id' => '163',
  'company_id' => '1',
  'grade_id' => '1',
  'mobile' => 'null',
  'email' => 'demo23554495@gmail.com',
  'region_mobile' => '',
  'mobile_country_code' => '',
  'user_card_code' => '5804D02A038A',
  'offline_card_code' => NULL,
  'inviter_id' => '0',
  'app_member_id' => '83',
  'source_from' => 'openapi',
  'source_id' => '0',
  'monitor_id' => '0',
  'latest_source_id' => '0',
  'latest_monitor_id' => '0',
  'authorizer_appid' => '',
  'use_point' => false,
  'wxa_appid' => '',
  'alipay_appid' => '',
  'created' => 1746783421,
  'updated' => 1746783421,
  'disabled' => false,
  'remarks' => NULL,
  'third_data' => NULL,
)  
[2026-03-13 11:18:27] production.DEBUG: request_url=>https://tinside.smtengo.com/v1/api/member/info/83  
[2026-03-13 11:18:27] production.DEBUG: header_param=> {"Content-Type":"application/json;charset=utf-8","Accept":"application/json","appKey":"aLjyMhsaMmKsChOEOFccqjTHFUMXzJSw","appSecret":"fzyCEryeGSalydJakjRDduHGIOwRcAqvImOnZZUKXPbFbXCIMGeLLuCVErsxkIhL"} 
[2026-03-13 11:18:27] production.DEBUG: thirdapp：array (
  'email' => 'demo23554495@gmail.com',
  'mobile' => 'null',
  'memberId' => '83',
  'timestamp' => '1773371903473',
  'appCode' => 'engo',
  'sign' => '986BDEFF929758596EA6F0B7B33820B6',
)  
[2026-03-13 11:18:27] production.DEBUG: response=>--{"timestamp":1773371907611,"code":0,"status":200,"message":null,"model":null}  
[2026-03-13 11:18:27] production.DEBUG: 自动更新用户信息错误Trying to access array offset on value of type null167  
[2026-03-13 11:18:27] production.DEBUG: thirdapp-1：array (
  'user_id' => '163',
  'company_id' => '1',
  'grade_id' => '1',
  'mobile' => 'null',
  'email' => 'demo23554495@gmail.com',
  'region_mobile' => '',
  'mobile_country_code' => '',
  'user_card_code' => '5804D02A038A',
  'offline_card_code' => NULL,
  'inviter_id' => '0',
  'app_member_id' => '83',
  'source_from' => 'openapi',
  'source_id' => '0',
  'monitor_id' => '0',
  'latest_source_id' => '0',
  'latest_monitor_id' => '0',
  'authorizer_appid' => '',
  'use_point' => false,
  'wxa_appid' => '',
  'alipay_appid' => '',
  'created' => 1746783421,
  'updated' => 1746783421,
  'disabled' => false,
  'remarks' => NULL,
  'third_data' => NULL,
)  
[2026-03-13 11:18:27] production.DEBUG: request_url=>https://tinside.smtengo.com/v1/api/member/info/83  
[2026-03-13 11:18:27] production.DEBUG: header_param=> {"Content-Type":"application/json;charset=utf-8","Accept":"application/json","appKey":"aLjyMhsaMmKsChOEOFccqjTHFUMXzJSw","appSecret":"fzyCEryeGSalydJakjRDduHGIOwRcAqvImOnZZUKXPbFbXCIMGeLLuCVErsxkIhL"} 
[2026-03-13 11:18:27] production.DEBUG: thirdapp：array (
  'email' => 'demo23554495@gmail.com',
  'mobile' => 'null',
  'memberId' => '83',
  'timestamp' => '1773371903473',
  'appCode' => 'engo',
  'sign' => '986BDEFF929758596EA6F0B7B33820B6',
)  
[2026-03-13 11:18:27] production.DEBUG: thirdapp-1：array (
  'user_id' => '163',
  'company_id' => '1',
  'grade_id' => '1',
  'mobile' => 'null',
  'email' => 'demo23554495@gmail.com',
  'region_mobile' => '',
  'mobile_country_code' => '',
  'user_card_code' => '5804D02A038A',
  'offline_card_code' => NULL,
  'inviter_id' => '0',
  'app_member_id' => '83',
  'source_from' => 'openapi',
  'source_id' => '0',
  'monitor_id' => '0',
  'latest_source_id' => '0',
  'latest_monitor_id' => '0',
  'authorizer_appid' => '',
  'use_point' => false,
  'wxa_appid' => '',
  'alipay_appid' => '',
  'created' => 1746783421,
  'updated' => 1746783421,
  'disabled' => false,
  'remarks' => NULL,
  'third_data' => NULL,
)  
[2026-03-13 11:18:27] production.DEBUG: request_url=>https://tinside.smtengo.com/v1/api/member/info/83  
[2026-03-13 11:18:27] production.DEBUG: header_param=> {"Content-Type":"application/json;charset=utf-8","Accept":"application/json","appKey":"aLjyMhsaMmKsChOEOFccqjTHFUMXzJSw","appSecret":"fzyCEryeGSalydJakjRDduHGIOwRcAqvImOnZZUKXPbFbXCIMGeLLuCVErsxkIhL"} 
[2026-03-13 11:18:27] production.DEBUG: response=>--{"timestamp":1773371907641,"code":0,"status":200,"message":null,"model":null}  
[2026-03-13 11:18:27] production.DEBUG: 自动更新用户信息错误Trying to access array offset on value of type null167  
[2026-03-13 11:18:27] production.DEBUG: response=>--{"timestamp":1773371907669,"code":0,"status":200,"message":null,"model":null}  
[2026-03-13 11:18:27] production.DEBUG: 自动更新用户信息错误Trying to access array offset on value of type null167  
