[2026-01-03 00:53:59] production.ERROR: Argument 1 passed to CompanysBundle\Services\Shops\ProtocolService::__construct() must be of the type int, null given, called in /data/httpd/ecshopx-api/src/CompanysBundle/Http/FrontApi/V1/Action/ProtocolController.php on line 83 {"exception":"[object] (TypeError(code: 0): Argument 1 passed to CompanysBundle\\Services\\Shops\\ProtocolService::__construct() must be of the type int, null given, called in /data/httpd/ecshopx-api/src/CompanysBundle/Http/FrontApi/V1/Action/ProtocolController.php on line 83 at /data/httpd/ecshopx-api/src/CompanysBundle/Services/Shops/ProtocolService.php:36)
[stacktrace]
#0 /data/httpd/ecshopx-api/src/CompanysBundle/Http/FrontApi/V1/Action/ProtocolController.php(83): CompanysBundle\\Services\\Shops\\ProtocolService->__construct(NULL)
#1 /data/httpd/ecshopx-api/vendor/illuminate/container/BoundMethod.php(36): CompanysBundle\\Http\\FrontApi\\V1\\Action\\ProtocolController->getUpdateTime(Object(Dingo\\Api\\Http\\Request))
#2 /data/httpd/ecshopx-api/vendor/illuminate/container/Util.php(40): Illuminate\\Container\\BoundMethod::Illuminate\\Container\\{closure}()
#3 /data/httpd/ecshopx-api/vendor/illuminate/container/BoundMethod.php(93): Illuminate\\Container\\Util::unwrapIfClosure(Object(Closure))
#4 /data/httpd/ecshopx-api/vendor/illuminate/container/BoundMethod.php(37): Illuminate\\Container\\BoundMethod::callBoundMethod(Object(AppKernel), Array, Object(Closure))
#5 /data/httpd/ecshopx-api/vendor/illuminate/container/Container.php(653): Illuminate\\Container\\BoundMethod::call(Object(AppKernel), Array, Array, NULL)
#6 /data/httpd/ecshopx-api/vendor/laravel/lumen-framework/src/Concerns/RoutesRequests.php(389): Illuminate\\Container\\Container->call(Array, Array)
#7 /data/httpd/ecshopx-api/vendor/laravel/lumen-framework/src/Concerns/RoutesRequests.php(355): Laravel\\Lumen\\Application->callControllerCallable(Array, Array)
#8 /data/httpd/ecshopx-api/vendor/laravel/lumen-framework/src/Concerns/RoutesRequests.php(329): Laravel\\Lumen\\Application->callLumenController(Object(CompanysBundle\\Http\\FrontApi\\V1\\Action\\ProtocolController), 'getUpdateTime', Array)
#9 /data/httpd/ecshopx-api/vendor/laravel/lumen-framework/src/Concerns/RoutesRequests.php(282): Laravel\\Lumen\\Application->callControllerAction(Array)
#10 /data/httpd/ecshopx-api/vendor/laravel/lumen-framework/src/Concerns/RoutesRequests.php(262): Laravel\\Lumen\\Application->callActionOnArrayBasedRoute(Array)
#11 /data/httpd/ecshopx-api/vendor/laravel/lumen-framework/src/Routing/Pipeline.php(48): Laravel\\Lumen\\Application->Laravel\\Lumen\\Concerns\\{closure}(Object(Dingo\\Api\\Http\\Request))
#12 /data/httpd/ecshopx-api/src/EspierBundle/Middleware/FrontNoAuthMiddleWare.php(121): Laravel\\Lumen\\Routing\\Pipeline->Laravel\\Lumen\\Routing\\{closure}(Object(Dingo\\Api\\Http\\Request))
#13 /data/httpd/ecshopx-api/vendor/illuminate/pipeline/Pipeline.php(167): EspierBundle\\Middleware\\FrontNoAuthMiddleWare->handle(Object(Dingo\\Api\\Http\\Request), Object(Closure), 'h5app')
#14 /data/httpd/ecshopx-api/vendor/laravel/lumen-framework/src/Routing/Pipeline.php(30): Illuminate\\Pipeline\\Pipeline->Illuminate\\Pipeline\\{closure}(Object(Dingo\\Api\\Http\\Request))
#15 /data/httpd/ecshopx-api/vendor/dingo/api/src/Http/Middleware/PrepareController.php(45): Laravel\\Lumen\\Routing\\Pipeline->Laravel\\Lumen\\Routing\\{closure}(Object(Dingo\\Api\\Http\\Request))
#16 /data/httpd/ecshopx-api/vendor/illuminate/pipeline/Pipeline.php(167): Dingo\\Api\\Http\\Middleware\\PrepareController->handle(Object(Dingo\\Api\\Http\\Request), Object(Closure))
#17 /data/httpd/ecshopx-api/vendor/laravel/lumen-framework/src/Routing/Pipeline.php(30): Illuminate\\Pipeline\\Pipeline->Illuminate\\Pipeline\\{closure}(Object(Dingo\\Api\\Http\\Request))
#18 /data/httpd/ecshopx-api/vendor/illuminate/pipeline/Pipeline.php(103): Laravel\\Lumen\\Routing\\Pipeline->Laravel\\Lumen\\Routing\\{closure}(Object(Dingo\\Api\\Http\\Request))
#19 /data/httpd/ecshopx-api/vendor/laravel/lumen-framework/src/Concerns/RoutesRequests.php(426): Illuminate\\Pipeline\\Pipeline->then(Object(Closure))
#20 /data/httpd/ecshopx-api/vendor/laravel/lumen-framework/src/Concerns/RoutesRequests.php(263): Laravel\\Lumen\\Application->sendThroughPipeline(Array, Object(Closure))
#21 /data/httpd/ecshopx-api/vendor/laravel/lumen-framework/src/Concerns/RoutesRequests.php(237): Laravel\\Lumen\\Application->handleFoundRoute(Array)
#22 /data/httpd/ecshopx-api/vendor/laravel/lumen-framework/src/Concerns/RoutesRequests.php(173): Laravel\\Lumen\\Application->handleDispatcherResponse(Array)
#23 /data/httpd/ecshopx-api/vendor/laravel/lumen-framework/src/Concerns/RoutesRequests.php(429): Laravel\\Lumen\\Application->Laravel\\Lumen\\Concerns\\{closure}(Object(Dingo\\Api\\Http\\Request))
#24 /data/httpd/ecshopx-api/vendor/laravel/lumen-framework/src/Concerns/RoutesRequests.php(175): Laravel\\Lumen\\Application->sendThroughPipeline(Array, Object(Closure))
#25 /data/httpd/ecshopx-api/app/AppKernel.php(73): Laravel\\Lumen\\Application->dispatch(Object(Dingo\\Api\\Http\\Request))
#26 /data/httpd/ecshopx-api/src/EspierBundle/Dingo/Routing/Adapter/Espier.php(32): AppKernel->directDispatch(Object(Dingo\\Api\\Http\\Request))
#27 /data/httpd/ecshopx-api/vendor/dingo/api/src/Routing/Router.php(518): EspierBundle\\Dingo\\Routing\\Adapter\\Espier->dispatch(Object(Dingo\\Api\\Http\\Request), 'v1')
#28 /data/httpd/ecshopx-api/vendor/dingo/api/src/Http/Middleware/Request.php(126): Dingo\\Api\\Routing\\Router->dispatch(Object(Dingo\\Api\\Http\\Request))
#29 /data/httpd/ecshopx-api/vendor/illuminate/pipeline/Pipeline.php(128): Dingo\\Api\\Http\\Middleware\\Request->Dingo\\Api\\Http\\Middleware\\{closure}(Object(Dingo\\Api\\Http\\Request))
#30 /data/httpd/ecshopx-api/vendor/illuminate/pipeline/Pipeline.php(103): Illuminate\\Pipeline\\Pipeline->Illuminate\\Pipeline\\{closure}(Object(Dingo\\Api\\Http\\Request))
#31 /data/httpd/ecshopx-api/vendor/dingo/api/src/Http/Middleware/Request.php(127): Illuminate\\Pipeline\\Pipeline->then(Object(Closure))
#32 /data/httpd/ecshopx-api/vendor/dingo/api/src/Http/Middleware/Request.php(103): Dingo\\Api\\Http\\Middleware\\Request->sendRequestThroughRouter(Object(Dingo\\Api\\Http\\Request))
#33 /data/httpd/ecshopx-api/app/AppKernel.php(56): Dingo\\Api\\Http\\Middleware\\Request->handle(Object(Dingo\\Api\\Http\\Request), Object(Closure))
#34 /data/httpd/ecshopx-api/vendor/laravel/lumen-framework/src/Concerns/RoutesRequests.php(112): AppKernel->dispatch(NULL)
#35 /data/httpd/ecshopx-api/public/index.php(31): Laravel\\Lumen\\Application->run()
#36 {main}
"} 
